mode: atomic
github.com/riyadennis/identity-server/app/auth-api/main.go:18.13,22.16 3 0
github.com/riyadennis/identity-server/app/auth-api/main.go:22.16,24.3 1 0
github.com/riyadennis/identity-server/app/auth-api/main.go:26.2,29.16 3 0
github.com/riyadennis/identity-server/app/auth-api/main.go:29.16,31.3 1 0
github.com/riyadennis/identity-server/app/auth-api/main.go:33.2,33.15 1 0
github.com/riyadennis/identity-server/app/auth-api/main.go:33.15,35.3 1 0
github.com/riyadennis/identity-server/app/auth-api/main.go:37.2,38.16 2 0
github.com/riyadennis/identity-server/app/auth-api/main.go:38.16,40.3 1 0
github.com/riyadennis/identity-server/app/auth-api/main.go:42.2,43.16 2 0
github.com/riyadennis/identity-server/app/auth-api/main.go:43.16,45.3 1 0
github.com/riyadennis/identity-server/business/password.go:15.41,17.6 2 0
github.com/riyadennis/identity-server/business/password.go:17.6,18.24 1 0
github.com/riyadennis/identity-server/business/password.go:18.24,20.4 1 0
github.com/riyadennis/identity-server/business/password.go:21.3,22.17 2 0
github.com/riyadennis/identity-server/business/password.go:22.17,24.4 1 0
github.com/riyadennis/identity-server/business/password.go:25.3,26.40 2 0
github.com/riyadennis/identity-server/business/password.go:26.40,28.4 1 0
github.com/riyadennis/identity-server/business/password.go:33.55,35.16 2 0
github.com/riyadennis/identity-server/business/password.go:35.16,37.3 1 0
github.com/riyadennis/identity-server/business/password.go:38.2,38.28 1 0
github.com/riyadennis/identity-server/foundation/middleware/cors.go:11.78,12.75 1 0
github.com/riyadennis/identity-server/foundation/middleware/cors.go:12.75,39.3 2 0
github.com/riyadennis/identity-server/foundation/middleware/middleware.go:15.83,19.36 1 0
github.com/riyadennis/identity-server/foundation/middleware/middleware.go:19.36,21.15 2 0
github.com/riyadennis/identity-server/foundation/middleware/middleware.go:21.15,23.4 1 0
github.com/riyadennis/identity-server/foundation/middleware/middleware.go:26.2,26.16 1 0
github.com/riyadennis/identity-server/foundation/middleware/token.go:32.96,33.77 1 0
github.com/riyadennis/identity-server/foundation/middleware/token.go:33.77,35.24 2 0
github.com/riyadennis/identity-server/foundation/middleware/token.go:35.24,40.4 3 0
github.com/riyadennis/identity-server/foundation/middleware/token.go:42.3,42.44 1 0
github.com/riyadennis/identity-server/foundation/middleware/token.go:42.44,47.4 3 0
github.com/riyadennis/identity-server/foundation/middleware/token.go:49.3,56.29 2 0
github.com/riyadennis/identity-server/foundation/middleware/token.go:56.29,61.4 3 0
github.com/riyadennis/identity-server/foundation/middleware/token.go:63.3,63.15 1 0
github.com/riyadennis/identity-server/foundation/middleware/token.go:63.15,68.4 3 0
github.com/riyadennis/identity-server/foundation/middleware/token.go:70.3,70.18 1 0
github.com/riyadennis/identity-server/foundation/middleware/token.go:74.43,75.53 1 0
github.com/riyadennis/identity-server/foundation/middleware/token.go:75.53,76.57 1 0
github.com/riyadennis/identity-server/foundation/middleware/token.go:76.57,78.4 1 0
github.com/riyadennis/identity-server/foundation/middleware/token.go:80.3,81.17 2 0
github.com/riyadennis/identity-server/foundation/middleware/token.go:81.17,83.4 1 0
github.com/riyadennis/identity-server/foundation/middleware/token.go:85.3,86.15 2 0
github.com/riyadennis/identity-server/foundation/middleware/token.go:86.15,87.20 1 0
github.com/riyadennis/identity-server/foundation/middleware/token.go:90.3,90.24 1 0
github.com/riyadennis/identity-server/app/auth-api/main.go:18.13,22.16 3 0
github.com/riyadennis/identity-server/app/auth-api/main.go:22.16,24.3 1 0
github.com/riyadennis/identity-server/app/auth-api/main.go:26.2,29.16 3 0
github.com/riyadennis/identity-server/app/auth-api/main.go:29.16,31.3 1 0
github.com/riyadennis/identity-server/app/auth-api/main.go:33.2,33.15 1 0
github.com/riyadennis/identity-server/app/auth-api/main.go:33.15,35.3 1 0
github.com/riyadennis/identity-server/app/auth-api/main.go:37.2,38.16 2 0
github.com/riyadennis/identity-server/app/auth-api/main.go:38.16,40.3 1 0
github.com/riyadennis/identity-server/app/auth-api/main.go:42.2,43.16 2 0
github.com/riyadennis/identity-server/app/auth-api/main.go:43.16,45.3 1 0
github.com/riyadennis/identity-server/app/auth-api/handlers/delete.go:18.92,20.14 2 4
github.com/riyadennis/identity-server/app/auth-api/handlers/delete.go:20.14,24.3 2 1
github.com/riyadennis/identity-server/app/auth-api/handlers/delete.go:26.2,27.16 2 3
github.com/riyadennis/identity-server/app/auth-api/handlers/delete.go:27.16,33.3 3 1
github.com/riyadennis/identity-server/app/auth-api/handlers/delete.go:35.2,35.18 1 2
github.com/riyadennis/identity-server/app/auth-api/handlers/delete.go:35.18,39.3 2 1
github.com/riyadennis/identity-server/app/auth-api/handlers/delete.go:40.2,40.62 1 1
github.com/riyadennis/identity-server/app/auth-api/handlers/endpoints.go:34.87,48.2 10 0
github.com/riyadennis/identity-server/app/auth-api/handlers/home.go:11.72,15.2 2 0
github.com/riyadennis/identity-server/app/auth-api/handlers/login.go:41.86,43.9 2 3
github.com/riyadennis/identity-server/app/auth-api/handlers/login.go:43.9,49.3 3 3
github.com/riyadennis/identity-server/app/auth-api/handlers/login.go:51.2,52.16 2 0
github.com/riyadennis/identity-server/app/auth-api/handlers/login.go:52.16,56.3 2 0
github.com/riyadennis/identity-server/app/auth-api/handlers/login.go:58.2,58.14 1 0
github.com/riyadennis/identity-server/app/auth-api/handlers/login.go:58.14,63.3 3 0
github.com/riyadennis/identity-server/app/auth-api/handlers/login.go:65.2,66.16 2 0
github.com/riyadennis/identity-server/app/auth-api/handlers/login.go:66.16,72.3 3 0
github.com/riyadennis/identity-server/app/auth-api/handlers/login.go:74.2,74.12 1 0
github.com/riyadennis/identity-server/app/auth-api/handlers/login.go:74.12,80.3 3 0
github.com/riyadennis/identity-server/app/auth-api/handlers/login.go:82.2,83.16 2 0
github.com/riyadennis/identity-server/app/auth-api/handlers/login.go:83.16,90.3 3 0
github.com/riyadennis/identity-server/app/auth-api/handlers/login.go:92.2,93.16 2 0
github.com/riyadennis/identity-server/app/auth-api/handlers/login.go:93.16,99.3 3 0
github.com/riyadennis/identity-server/app/auth-api/handlers/login.go:101.2,103.16 3 0
github.com/riyadennis/identity-server/app/auth-api/handlers/login.go:103.16,105.3 1 0
github.com/riyadennis/identity-server/app/auth-api/handlers/login.go:108.76,109.59 1 0
github.com/riyadennis/identity-server/app/auth-api/handlers/login.go:109.59,111.17 2 0
github.com/riyadennis/identity-server/app/auth-api/handlers/login.go:111.17,113.4 1 0
github.com/riyadennis/identity-server/app/auth-api/handlers/login.go:116.2,116.40 1 0
github.com/riyadennis/identity-server/app/auth-api/handlers/login.go:119.83,123.16 3 0
github.com/riyadennis/identity-server/app/auth-api/handlers/login.go:123.16,126.3 2 0
github.com/riyadennis/identity-server/app/auth-api/handlers/login.go:128.2,132.16 2 0
github.com/riyadennis/identity-server/app/auth-api/handlers/login.go:132.16,135.3 2 0
github.com/riyadennis/identity-server/app/auth-api/handlers/login.go:137.2,142.8 1 0
github.com/riyadennis/identity-server/app/auth-api/handlers/probes.go:16.76,18.16 2 0
github.com/riyadennis/identity-server/app/auth-api/handlers/probes.go:18.16,20.3 1 0
github.com/riyadennis/identity-server/app/auth-api/handlers/probes.go:21.2,39.37 3 0
github.com/riyadennis/identity-server/app/auth-api/handlers/probes.go:43.42,44.86 1 0
github.com/riyadennis/identity-server/app/auth-api/handlers/probes.go:44.86,45.35 1 0
github.com/riyadennis/identity-server/app/auth-api/handlers/probes.go:45.35,48.4 2 0
github.com/riyadennis/identity-server/app/auth-api/handlers/probes.go:50.3,50.58 1 0
github.com/riyadennis/identity-server/app/auth-api/handlers/register.go:26.86,33.2 1 12
github.com/riyadennis/identity-server/app/auth-api/handlers/register.go:36.89,40.16 3 5
github.com/riyadennis/identity-server/app/auth-api/handlers/register.go:40.16,45.3 3 0
github.com/riyadennis/identity-server/app/auth-api/handlers/register.go:47.2,48.16 2 5
github.com/riyadennis/identity-server/app/auth-api/handlers/register.go:48.16,53.3 3 5
github.com/riyadennis/identity-server/app/auth-api/handlers/register.go:55.2,56.16 2 0
github.com/riyadennis/identity-server/app/auth-api/handlers/register.go:56.16,61.3 3 0
github.com/riyadennis/identity-server/app/auth-api/handlers/register.go:63.2,63.33 1 0
github.com/riyadennis/identity-server/app/auth-api/handlers/register.go:63.33,68.3 3 0
github.com/riyadennis/identity-server/app/auth-api/handlers/register.go:70.2,71.16 2 0
github.com/riyadennis/identity-server/app/auth-api/handlers/register.go:71.16,76.3 3 0
github.com/riyadennis/identity-server/app/auth-api/handlers/register.go:78.2,79.16 2 0
github.com/riyadennis/identity-server/app/auth-api/handlers/register.go:79.16,83.3 2 0
github.com/riyadennis/identity-server/app/auth-api/handlers/register.go:85.2,86.58 2 0
github.com/riyadennis/identity-server/app/auth-api/handlers/server.go:34.37,39.16 4 0
github.com/riyadennis/identity-server/app/auth-api/handlers/server.go:39.16,41.3 1 0
github.com/riyadennis/identity-server/app/auth-api/handlers/server.go:43.2,52.3 1 0
github.com/riyadennis/identity-server/app/auth-api/handlers/server.go:57.85,60.12 2 0
github.com/riyadennis/identity-server/app/auth-api/handlers/server.go:60.12,63.3 2 0
github.com/riyadennis/identity-server/app/auth-api/handlers/server.go:65.2,65.9 1 0
github.com/riyadennis/identity-server/app/auth-api/handlers/server.go:66.30,67.13 1 0
github.com/riyadennis/identity-server/app/auth-api/handlers/server.go:68.27,75.17 5 0
github.com/riyadennis/identity-server/app/auth-api/handlers/server.go:75.17,77.4 1 0
github.com/riyadennis/identity-server/app/auth-api/handlers/server.go:80.2,80.12 1 0
github.com/riyadennis/identity-server/app/auth-api/handlers/server.go:83.38,84.16 1 0
github.com/riyadennis/identity-server/app/auth-api/handlers/server.go:84.16,86.3 1 0
github.com/riyadennis/identity-server/app/auth-api/handlers/server.go:88.2,89.16 2 0
github.com/riyadennis/identity-server/app/auth-api/handlers/server.go:89.16,91.3 1 0
github.com/riyadennis/identity-server/app/auth-api/handlers/server.go:93.2,93.17 1 0
github.com/riyadennis/identity-server/app/auth-api/handlers/server.go:93.17,95.3 1 0
github.com/riyadennis/identity-server/app/auth-api/handlers/server.go:97.2,97.18 1 0
github.com/riyadennis/identity-server/app/auth-api/handlers/server.go:97.18,99.3 1 0
github.com/riyadennis/identity-server/app/auth-api/handlers/server.go:101.2,101.12 1 0
github.com/riyadennis/identity-server/business/password.go:15.41,17.6 2 1
github.com/riyadennis/identity-server/business/password.go:17.6,18.24 1 88
github.com/riyadennis/identity-server/business/password.go:18.24,20.4 1 1
github.com/riyadennis/identity-server/business/password.go:21.3,22.17 2 87
github.com/riyadennis/identity-server/business/password.go:22.17,24.4 1 0
github.com/riyadennis/identity-server/business/password.go:25.3,26.40 2 87
github.com/riyadennis/identity-server/business/password.go:26.40,28.4 1 12
github.com/riyadennis/identity-server/business/password.go:33.55,35.16 2 0
github.com/riyadennis/identity-server/business/password.go:35.16,37.3 1 0
github.com/riyadennis/identity-server/business/password.go:38.2,38.28 1 0
github.com/riyadennis/identity-server/business/store/auth.go:13.70,18.16 2 0
github.com/riyadennis/identity-server/business/store/auth.go:18.16,20.3 1 0
github.com/riyadennis/identity-server/business/store/auth.go:22.2,26.16 4 0
github.com/riyadennis/identity-server/business/store/auth.go:26.16,28.3 1 0
github.com/riyadennis/identity-server/business/store/auth.go:30.2,31.16 2 0
github.com/riyadennis/identity-server/business/store/auth.go:31.16,34.3 2 0
github.com/riyadennis/identity-server/business/store/auth.go:36.2,36.18 1 0
github.com/riyadennis/identity-server/business/store/connection.go:46.29,65.2 1 0
github.com/riyadennis/identity-server/business/store/connection.go:68.52,69.18 1 0
github.com/riyadennis/identity-server/business/store/connection.go:69.18,71.3 1 0
github.com/riyadennis/identity-server/business/store/connection.go:72.2,72.22 1 0
github.com/riyadennis/identity-server/business/store/connection.go:72.22,74.3 1 0
github.com/riyadennis/identity-server/business/store/connection.go:75.2,75.26 1 0
github.com/riyadennis/identity-server/business/store/connection.go:75.26,77.3 1 0
github.com/riyadennis/identity-server/business/store/connection.go:79.2,79.22 1 0
github.com/riyadennis/identity-server/business/store/connection.go:79.22,81.3 1 0
github.com/riyadennis/identity-server/business/store/connection.go:83.2,83.22 1 0
github.com/riyadennis/identity-server/business/store/connection.go:83.22,85.3 1 0
github.com/riyadennis/identity-server/business/store/connection.go:87.2,87.26 1 0
github.com/riyadennis/identity-server/business/store/connection.go:87.26,89.3 1 0
github.com/riyadennis/identity-server/business/store/connection.go:91.2,102.16 3 0
github.com/riyadennis/identity-server/business/store/connection.go:102.16,104.3 1 0
github.com/riyadennis/identity-server/business/store/connection.go:106.2,107.16 2 0
github.com/riyadennis/identity-server/business/store/connection.go:107.16,110.3 2 0
github.com/riyadennis/identity-server/business/store/connection.go:112.2,112.18 1 0
github.com/riyadennis/identity-server/business/store/migration.go:20.62,21.15 1 0
github.com/riyadennis/identity-server/business/store/migration.go:21.15,23.3 1 0
github.com/riyadennis/identity-server/business/store/migration.go:24.2,24.18 1 0
github.com/riyadennis/identity-server/business/store/migration.go:24.18,26.3 1 0
github.com/riyadennis/identity-server/business/store/migration.go:28.2,31.16 2 0
github.com/riyadennis/identity-server/business/store/migration.go:31.16,33.3 1 0
github.com/riyadennis/identity-server/business/store/migration.go:35.2,39.16 2 0
github.com/riyadennis/identity-server/business/store/migration.go:39.16,42.3 2 0
github.com/riyadennis/identity-server/business/store/migration.go:44.2,45.16 2 0
github.com/riyadennis/identity-server/business/store/migration.go:45.16,46.43 1 0
github.com/riyadennis/identity-server/business/store/migration.go:46.43,48.4 1 0
github.com/riyadennis/identity-server/business/store/migration.go:51.2,51.12 1 0
github.com/riyadennis/identity-server/business/store/store.go:55.34,59.2 1 12
github.com/riyadennis/identity-server/business/store/store.go:62.81,63.19 1 0
github.com/riyadennis/identity-server/business/store/store.go:63.19,65.3 1 0
github.com/riyadennis/identity-server/business/store/store.go:67.2,67.14 1 0
github.com/riyadennis/identity-server/business/store/store.go:67.14,69.3 1 0
github.com/riyadennis/identity-server/business/store/store.go:71.2,77.16 3 0
github.com/riyadennis/identity-server/business/store/store.go:77.16,80.3 2 0
github.com/riyadennis/identity-server/business/store/store.go:82.2,84.16 2 0
github.com/riyadennis/identity-server/business/store/store.go:84.16,87.3 2 0
github.com/riyadennis/identity-server/business/store/store.go:89.2,89.28 1 0
github.com/riyadennis/identity-server/business/store/store.go:94.78,95.19 1 0
github.com/riyadennis/identity-server/business/store/store.go:95.19,97.3 1 0
github.com/riyadennis/identity-server/business/store/store.go:99.2,110.16 2 0
github.com/riyadennis/identity-server/business/store/store.go:110.16,112.3 1 0
github.com/riyadennis/identity-server/business/store/store.go:114.2,125.16 4 0
github.com/riyadennis/identity-server/business/store/store.go:125.16,126.36 1 0
github.com/riyadennis/identity-server/business/store/store.go:126.36,129.4 2 0
github.com/riyadennis/identity-server/business/store/store.go:131.3,131.18 1 0
github.com/riyadennis/identity-server/business/store/store.go:133.2,134.18 2 0
github.com/riyadennis/identity-server/business/store/store.go:139.77,152.16 3 0
github.com/riyadennis/identity-server/business/store/store.go:152.16,154.3 1 0
github.com/riyadennis/identity-server/business/store/store.go:155.2,158.18 3 0
github.com/riyadennis/identity-server/business/store/store.go:158.18,170.17 2 0
github.com/riyadennis/identity-server/business/store/store.go:170.17,171.37 1 0
github.com/riyadennis/identity-server/business/store/store.go:171.37,174.5 2 0
github.com/riyadennis/identity-server/business/store/store.go:176.4,176.19 1 0
github.com/riyadennis/identity-server/business/store/store.go:180.2,180.18 1 0
github.com/riyadennis/identity-server/business/store/store.go:184.47,186.16 2 3
github.com/riyadennis/identity-server/business/store/store.go:186.16,189.3 2 0
github.com/riyadennis/identity-server/business/store/store.go:191.2,192.16 2 3
github.com/riyadennis/identity-server/business/store/store.go:192.16,194.3 1 1
github.com/riyadennis/identity-server/business/store/store.go:196.2,196.30 1 2
github.com/riyadennis/identity-server/business/validation/validate.go:20.47,21.14 1 5
github.com/riyadennis/identity-server/business/validation/validate.go:21.14,23.3 1 0
github.com/riyadennis/identity-server/business/validation/validate.go:24.2,24.23 1 5
github.com/riyadennis/identity-server/business/validation/validate.go:24.23,26.3 1 1
github.com/riyadennis/identity-server/business/validation/validate.go:27.2,27.22 1 4
github.com/riyadennis/identity-server/business/validation/validate.go:27.22,29.3 1 1
github.com/riyadennis/identity-server/business/validation/validate.go:30.2,30.19 1 3
github.com/riyadennis/identity-server/business/validation/validate.go:30.19,32.3 1 2
github.com/riyadennis/identity-server/business/validation/validate.go:34.2,35.30 2 1
github.com/riyadennis/identity-server/business/validation/validate.go:35.30,37.3 1 1
github.com/riyadennis/identity-server/business/validation/validate.go:39.2,39.14 1 0
github.com/riyadennis/identity-server/business/validation/validate.go:39.14,41.3 1 0
github.com/riyadennis/identity-server/business/validation/validate.go:43.2,43.12 1 0
github.com/riyadennis/identity-server/foundation/errorcodes.go:41.38,43.2 1 0
github.com/riyadennis/identity-server/foundation/keys.go:16.63,18.19 2 0
github.com/riyadennis/identity-server/foundation/keys.go:18.19,20.3 1 0
github.com/riyadennis/identity-server/foundation/keys.go:22.2,29.16 4 0
github.com/riyadennis/identity-server/foundation/keys.go:29.16,31.3 1 0
github.com/riyadennis/identity-server/foundation/keys.go:32.2,33.16 2 0
github.com/riyadennis/identity-server/foundation/keys.go:33.16,35.3 1 0
github.com/riyadennis/identity-server/foundation/keys.go:38.2,39.16 2 0
github.com/riyadennis/identity-server/foundation/keys.go:39.16,41.3 1 0
github.com/riyadennis/identity-server/foundation/keys.go:43.2,49.16 3 0
github.com/riyadennis/identity-server/foundation/keys.go:49.16,51.3 1 0
github.com/riyadennis/identity-server/foundation/keys.go:53.2,54.16 2 0
github.com/riyadennis/identity-server/foundation/keys.go:54.16,56.3 1 0
github.com/riyadennis/identity-server/foundation/keys.go:58.2,58.12 1 0
github.com/riyadennis/identity-server/foundation/request.go:16.63,17.14 1 0
github.com/riyadennis/identity-server/foundation/request.go:17.14,19.3 1 0
github.com/riyadennis/identity-server/foundation/request.go:21.2,21.40 1 0
github.com/riyadennis/identity-server/foundation/request.go:21.40,23.3 1 0
github.com/riyadennis/identity-server/foundation/request.go:25.2,26.16 2 0
github.com/riyadennis/identity-server/foundation/request.go:26.16,28.3 1 0
github.com/riyadennis/identity-server/foundation/request.go:30.2,30.12 1 0
github.com/riyadennis/identity-server/foundation/response.go:19.84,22.2 2 11
github.com/riyadennis/identity-server/foundation/response.go:25.85,30.16 5 12
github.com/riyadennis/identity-server/foundation/response.go:30.16,32.3 1 0
github.com/riyadennis/identity-server/foundation/response.go:33.2,33.12 1 12
github.com/riyadennis/identity-server/foundation/response.go:37.65,43.2 1 17
github.com/riyadennis/identity-server/foundation/response.go:47.78,52.2 3 0
github.com/riyadennis/identity-server/foundation/middleware/cors.go:11.78,12.75 1 0
github.com/riyadennis/identity-server/foundation/middleware/cors.go:12.75,39.3 2 0
github.com/riyadennis/identity-server/foundation/middleware/middleware.go:15.83,19.36 1 0
github.com/riyadennis/identity-server/foundation/middleware/middleware.go:19.36,21.15 2 0
github.com/riyadennis/identity-server/foundation/middleware/middleware.go:21.15,23.4 1 0
github.com/riyadennis/identity-server/foundation/middleware/middleware.go:26.2,26.16 1 0
github.com/riyadennis/identity-server/foundation/middleware/token.go:32.96,33.77 1 0
github.com/riyadennis/identity-server/foundation/middleware/token.go:33.77,35.24 2 0
github.com/riyadennis/identity-server/foundation/middleware/token.go:35.24,40.4 3 0
github.com/riyadennis/identity-server/foundation/middleware/token.go:42.3,42.44 1 0
github.com/riyadennis/identity-server/foundation/middleware/token.go:42.44,47.4 3 0
github.com/riyadennis/identity-server/foundation/middleware/token.go:49.3,56.29 2 0
github.com/riyadennis/identity-server/foundation/middleware/token.go:56.29,61.4 3 0
github.com/riyadennis/identity-server/foundation/middleware/token.go:63.3,63.15 1 0
github.com/riyadennis/identity-server/foundation/middleware/token.go:63.15,68.4 3 0
github.com/riyadennis/identity-server/foundation/middleware/token.go:70.3,70.18 1 0
github.com/riyadennis/identity-server/foundation/middleware/token.go:74.43,75.53 1 0
github.com/riyadennis/identity-server/foundation/middleware/token.go:75.53,76.57 1 0
github.com/riyadennis/identity-server/foundation/middleware/token.go:76.57,78.4 1 0
github.com/riyadennis/identity-server/foundation/middleware/token.go:80.3,81.17 2 0
github.com/riyadennis/identity-server/foundation/middleware/token.go:81.17,83.4 1 0
github.com/riyadennis/identity-server/foundation/middleware/token.go:85.3,86.15 2 0
github.com/riyadennis/identity-server/foundation/middleware/token.go:86.15,87.20 1 0
github.com/riyadennis/identity-server/foundation/middleware/token.go:90.3,90.24 1 0
github.com/riyadennis/identity-server/app/auth-api/main.go:18.13,22.16 3 0
github.com/riyadennis/identity-server/app/auth-api/main.go:22.16,24.3 1 0
github.com/riyadennis/identity-server/app/auth-api/main.go:26.2,29.16 3 0
github.com/riyadennis/identity-server/app/auth-api/main.go:29.16,31.3 1 0
github.com/riyadennis/identity-server/app/auth-api/main.go:33.2,33.15 1 0
github.com/riyadennis/identity-server/app/auth-api/main.go:33.15,35.3 1 0
github.com/riyadennis/identity-server/app/auth-api/main.go:37.2,38.16 2 0
github.com/riyadennis/identity-server/app/auth-api/main.go:38.16,40.3 1 0
github.com/riyadennis/identity-server/app/auth-api/main.go:42.2,43.16 2 0
github.com/riyadennis/identity-server/app/auth-api/main.go:43.16,45.3 1 0
github.com/riyadennis/identity-server/app/auth-api/handlers/delete.go:18.92,20.14 2 0
github.com/riyadennis/identity-server/app/auth-api/handlers/delete.go:20.14,24.3 2 0
github.com/riyadennis/identity-server/app/auth-api/handlers/delete.go:26.2,27.16 2 0
github.com/riyadennis/identity-server/app/auth-api/handlers/delete.go:27.16,33.3 3 0
github.com/riyadennis/identity-server/app/auth-api/handlers/delete.go:35.2,35.18 1 0
github.com/riyadennis/identity-server/app/auth-api/handlers/delete.go:35.18,39.3 2 0
github.com/riyadennis/identity-server/app/auth-api/handlers/delete.go:40.2,40.62 1 0
github.com/riyadennis/identity-server/app/auth-api/handlers/endpoints.go:34.87,48.2 10 0
github.com/riyadennis/identity-server/app/auth-api/handlers/home.go:11.72,15.2 2 0
github.com/riyadennis/identity-server/app/auth-api/handlers/login.go:41.86,43.9 2 0
github.com/riyadennis/identity-server/app/auth-api/handlers/login.go:43.9,49.3 3 0
github.com/riyadennis/identity-server/app/auth-api/handlers/login.go:51.2,52.16 2 0
github.com/riyadennis/identity-server/app/auth-api/handlers/login.go:52.16,56.3 2 0
github.com/riyadennis/identity-server/app/auth-api/handlers/login.go:58.2,58.14 1 0
github.com/riyadennis/identity-server/app/auth-api/handlers/login.go:58.14,63.3 3 0
github.com/riyadennis/identity-server/app/auth-api/handlers/login.go:65.2,66.16 2 0
github.com/riyadennis/identity-server/app/auth-api/handlers/login.go:66.16,72.3 3 0
github.com/riyadennis/identity-server/app/auth-api/handlers/login.go:74.2,74.12 1 0
github.com/riyadennis/identity-server/app/auth-api/handlers/login.go:74.12,80.3 3 0
github.com/riyadennis/identity-server/app/auth-api/handlers/login.go:82.2,83.16 2 0
github.com/riyadennis/identity-server/app/auth-api/handlers/login.go:83.16,90.3 3 0
github.com/riyadennis/identity-server/app/auth-api/handlers/login.go:92.2,93.16 2 0
github.com/riyadennis/identity-server/app/auth-api/handlers/login.go:93.16,99.3 3 0
github.com/riyadennis/identity-server/app/auth-api/handlers/login.go:101.2,103.16 3 0
github.com/riyadennis/identity-server/app/auth-api/handlers/login.go:103.16,105.3 1 0
github.com/riyadennis/identity-server/app/auth-api/handlers/login.go:108.76,109.59 1 0
github.com/riyadennis/identity-server/app/auth-api/handlers/login.go:109.59,111.17 2 0
github.com/riyadennis/identity-server/app/auth-api/handlers/login.go:111.17,113.4 1 0
github.com/riyadennis/identity-server/app/auth-api/handlers/login.go:116.2,116.40 1 0
github.com/riyadennis/identity-server/app/auth-api/handlers/login.go:119.83,123.16 3 0
github.com/riyadennis/identity-server/app/auth-api/handlers/login.go:123.16,126.3 2 0
github.com/riyadennis/identity-server/app/auth-api/handlers/login.go:128.2,132.16 2 0
github.com/riyadennis/identity-server/app/auth-api/handlers/login.go:132.16,135.3 2 0
github.com/riyadennis/identity-server/app/auth-api/handlers/login.go:137.2,142.8 1 0
github.com/riyadennis/identity-server/app/auth-api/handlers/probes.go:16.76,18.16 2 0
github.com/riyadennis/identity-server/app/auth-api/handlers/probes.go:18.16,20.3 1 0
github.com/riyadennis/identity-server/app/auth-api/handlers/probes.go:21.2,39.37 3 0
github.com/riyadennis/identity-server/app/auth-api/handlers/probes.go:43.42,44.86 1 0
github.com/riyadennis/identity-server/app/auth-api/handlers/probes.go:44.86,45.35 1 0
github.com/riyadennis/identity-server/app/auth-api/handlers/probes.go:45.35,48.4 2 0
github.com/riyadennis/identity-server/app/auth-api/handlers/probes.go:50.3,50.58 1 0
github.com/riyadennis/identity-server/app/auth-api/handlers/register.go:26.86,33.2 1 0
github.com/riyadennis/identity-server/app/auth-api/handlers/register.go:36.89,40.16 3 0
github.com/riyadennis/identity-server/app/auth-api/handlers/register.go:40.16,45.3 3 0
github.com/riyadennis/identity-server/app/auth-api/handlers/register.go:47.2,48.16 2 0
github.com/riyadennis/identity-server/app/auth-api/handlers/register.go:48.16,53.3 3 0
github.com/riyadennis/identity-server/app/auth-api/handlers/register.go:55.2,56.16 2 0
github.com/riyadennis/identity-server/app/auth-api/handlers/register.go:56.16,61.3 3 0
github.com/riyadennis/identity-server/app/auth-api/handlers/register.go:63.2,63.33 1 0
github.com/riyadennis/identity-server/app/auth-api/handlers/register.go:63.33,68.3 3 0
github.com/riyadennis/identity-server/app/auth-api/handlers/register.go:70.2,71.16 2 0
github.com/riyadennis/identity-server/app/auth-api/handlers/register.go:71.16,76.3 3 0
github.com/riyadennis/identity-server/app/auth-api/handlers/register.go:78.2,79.16 2 0
github.com/riyadennis/identity-server/app/auth-api/handlers/register.go:79.16,83.3 2 0
github.com/riyadennis/identity-server/app/auth-api/handlers/register.go:85.2,86.58 2 0
github.com/riyadennis/identity-server/app/auth-api/handlers/server.go:34.37,39.16 4 0
github.com/riyadennis/identity-server/app/auth-api/handlers/server.go:39.16,41.3 1 0
github.com/riyadennis/identity-server/app/auth-api/handlers/server.go:43.2,52.3 1 0
github.com/riyadennis/identity-server/app/auth-api/handlers/server.go:57.85,60.12 2 0
github.com/riyadennis/identity-server/app/auth-api/handlers/server.go:60.12,63.3 2 0
github.com/riyadennis/identity-server/app/auth-api/handlers/server.go:65.2,65.9 1 0
github.com/riyadennis/identity-server/app/auth-api/handlers/server.go:66.30,67.13 1 0
github.com/riyadennis/identity-server/app/auth-api/handlers/server.go:68.27,75.17 5 0
github.com/riyadennis/identity-server/app/auth-api/handlers/server.go:75.17,77.4 1 0
github.com/riyadennis/identity-server/app/auth-api/handlers/server.go:80.2,80.12 1 0
github.com/riyadennis/identity-server/app/auth-api/handlers/server.go:83.38,84.16 1 0
github.com/riyadennis/identity-server/app/auth-api/handlers/server.go:84.16,86.3 1 0
github.com/riyadennis/identity-server/app/auth-api/handlers/server.go:88.2,89.16 2 0
github.com/riyadennis/identity-server/app/auth-api/handlers/server.go:89.16,91.3 1 0
github.com/riyadennis/identity-server/app/auth-api/handlers/server.go:93.2,93.17 1 0
github.com/riyadennis/identity-server/app/auth-api/handlers/server.go:93.17,95.3 1 0
github.com/riyadennis/identity-server/app/auth-api/handlers/server.go:97.2,97.18 1 0
github.com/riyadennis/identity-server/app/auth-api/handlers/server.go:97.18,99.3 1 0
github.com/riyadennis/identity-server/app/auth-api/handlers/server.go:101.2,101.12 1 0
github.com/riyadennis/identity-server/business/password.go:15.41,17.6 2 0
github.com/riyadennis/identity-server/business/password.go:17.6,18.24 1 0
github.com/riyadennis/identity-server/business/password.go:18.24,20.4 1 0
github.com/riyadennis/identity-server/business/password.go:21.3,22.17 2 0
github.com/riyadennis/identity-server/business/password.go:22.17,24.4 1 0
github.com/riyadennis/identity-server/business/password.go:25.3,26.40 2 0
github.com/riyadennis/identity-server/business/password.go:26.40,28.4 1 0
github.com/riyadennis/identity-server/business/password.go:33.55,35.16 2 0
github.com/riyadennis/identity-server/business/password.go:35.16,37.3 1 0
github.com/riyadennis/identity-server/business/password.go:38.2,38.28 1 0
github.com/riyadennis/identity-server/business/store/auth.go:13.70,18.16 2 0
github.com/riyadennis/identity-server/business/store/auth.go:18.16,20.3 1 0
github.com/riyadennis/identity-server/business/store/auth.go:22.2,26.16 4 0
github.com/riyadennis/identity-server/business/store/auth.go:26.16,28.3 1 0
github.com/riyadennis/identity-server/business/store/auth.go:30.2,31.16 2 0
github.com/riyadennis/identity-server/business/store/auth.go:31.16,34.3 2 0
github.com/riyadennis/identity-server/business/store/auth.go:36.2,36.18 1 0
github.com/riyadennis/identity-server/business/store/connection.go:46.29,65.2 1 0
github.com/riyadennis/identity-server/business/store/connection.go:68.52,69.18 1 6
github.com/riyadennis/identity-server/business/store/connection.go:69.18,71.3 1 1
github.com/riyadennis/identity-server/business/store/connection.go:72.2,72.22 1 5
github.com/riyadennis/identity-server/business/store/connection.go:72.22,74.3 1 1
github.com/riyadennis/identity-server/business/store/connection.go:75.2,75.26 1 4
github.com/riyadennis/identity-server/business/store/connection.go:75.26,77.3 1 1
github.com/riyadennis/identity-server/business/store/connection.go:79.2,79.22 1 3
github.com/riyadennis/identity-server/business/store/connection.go:79.22,81.3 1 1
github.com/riyadennis/identity-server/business/store/connection.go:83.2,83.22 1 2
github.com/riyadennis/identity-server/business/store/connection.go:83.22,85.3 1 1
github.com/riyadennis/identity-server/business/store/connection.go:87.2,87.26 1 1
github.com/riyadennis/identity-server/business/store/connection.go:87.26,89.3 1 1
github.com/riyadennis/identity-server/business/store/connection.go:91.2,102.16 3 0
github.com/riyadennis/identity-server/business/store/connection.go:102.16,104.3 1 0
github.com/riyadennis/identity-server/business/store/connection.go:106.2,107.16 2 0
github.com/riyadennis/identity-server/business/store/connection.go:107.16,110.3 2 0
github.com/riyadennis/identity-server/business/store/connection.go:112.2,112.18 1 0
github.com/riyadennis/identity-server/business/store/migration.go:20.62,21.15 1 2
github.com/riyadennis/identity-server/business/store/migration.go:21.15,23.3 1 1
github.com/riyadennis/identity-server/business/store/migration.go:24.2,24.18 1 1
github.com/riyadennis/identity-server/business/store/migration.go:24.18,26.3 1 1
github.com/riyadennis/identity-server/business/store/migration.go:28.2,31.16 2 0
github.com/riyadennis/identity-server/business/store/migration.go:31.16,33.3 1 0
github.com/riyadennis/identity-server/business/store/migration.go:35.2,39.16 2 0
github.com/riyadennis/identity-server/business/store/migration.go:39.16,42.3 2 0
github.com/riyadennis/identity-server/business/store/migration.go:44.2,45.16 2 0
github.com/riyadennis/identity-server/business/store/migration.go:45.16,46.43 1 0
github.com/riyadennis/identity-server/business/store/migration.go:46.43,48.4 1 0
github.com/riyadennis/identity-server/business/store/migration.go:51.2,51.12 1 0
github.com/riyadennis/identity-server/business/store/store.go:55.34,59.2 1 3
github.com/riyadennis/identity-server/business/store/store.go:62.81,63.19 1 5
github.com/riyadennis/identity-server/business/store/store.go:63.19,65.3 1 1
github.com/riyadennis/identity-server/business/store/store.go:67.2,67.14 1 4
github.com/riyadennis/identity-server/business/store/store.go:67.14,69.3 1 1
github.com/riyadennis/identity-server/business/store/store.go:71.2,77.16 3 3
github.com/riyadennis/identity-server/business/store/store.go:77.16,80.3 2 1
github.com/riyadennis/identity-server/business/store/store.go:82.2,84.16 2 2
github.com/riyadennis/identity-server/business/store/store.go:84.16,87.3 2 1
github.com/riyadennis/identity-server/business/store/store.go:89.2,89.28 1 1
github.com/riyadennis/identity-server/business/store/store.go:94.78,95.19 1 1
github.com/riyadennis/identity-server/business/store/store.go:95.19,97.3 1 0
github.com/riyadennis/identity-server/business/store/store.go:99.2,110.16 2 1
github.com/riyadennis/identity-server/business/store/store.go:110.16,112.3 1 0
github.com/riyadennis/identity-server/business/store/store.go:114.2,125.16 4 1
github.com/riyadennis/identity-server/business/store/store.go:125.16,126.36 1 0
github.com/riyadennis/identity-server/business/store/store.go:126.36,129.4 2 0
github.com/riyadennis/identity-server/business/store/store.go:131.3,131.18 1 0
github.com/riyadennis/identity-server/business/store/store.go:133.2,134.18 2 1
github.com/riyadennis/identity-server/business/store/store.go:139.77,152.16 3 0
github.com/riyadennis/identity-server/business/store/store.go:152.16,154.3 1 0
github.com/riyadennis/identity-server/business/store/store.go:155.2,158.18 3 0
github.com/riyadennis/identity-server/business/store/store.go:158.18,170.17 2 0
github.com/riyadennis/identity-server/business/store/store.go:170.17,171.37 1 0
github.com/riyadennis/identity-server/business/store/store.go:171.37,174.5 2 0
github.com/riyadennis/identity-server/business/store/store.go:176.4,176.19 1 0
github.com/riyadennis/identity-server/business/store/store.go:180.2,180.18 1 0
github.com/riyadennis/identity-server/business/store/store.go:184.47,186.16 2 0
github.com/riyadennis/identity-server/business/store/store.go:186.16,189.3 2 0
github.com/riyadennis/identity-server/business/store/store.go:191.2,192.16 2 0
github.com/riyadennis/identity-server/business/store/store.go:192.16,194.3 1 0
github.com/riyadennis/identity-server/business/store/store.go:196.2,196.30 1 0
github.com/riyadennis/identity-server/business/validation/validate.go:20.47,21.14 1 0
github.com/riyadennis/identity-server/business/validation/validate.go:21.14,23.3 1 0
github.com/riyadennis/identity-server/business/validation/validate.go:24.2,24.23 1 0
github.com/riyadennis/identity-server/business/validation/validate.go:24.23,26.3 1 0
github.com/riyadennis/identity-server/business/validation/validate.go:27.2,27.22 1 0
github.com/riyadennis/identity-server/business/validation/validate.go:27.22,29.3 1 0
github.com/riyadennis/identity-server/business/validation/validate.go:30.2,30.19 1 0
github.com/riyadennis/identity-server/business/validation/validate.go:30.19,32.3 1 0
github.com/riyadennis/identity-server/business/validation/validate.go:34.2,35.30 2 0
github.com/riyadennis/identity-server/business/validation/validate.go:35.30,37.3 1 0
github.com/riyadennis/identity-server/business/validation/validate.go:39.2,39.14 1 0
github.com/riyadennis/identity-server/business/validation/validate.go:39.14,41.3 1 0
github.com/riyadennis/identity-server/business/validation/validate.go:43.2,43.12 1 0
github.com/riyadennis/identity-server/foundation/errorcodes.go:41.38,43.2 1 0
github.com/riyadennis/identity-server/foundation/keys.go:16.63,18.19 2 0
github.com/riyadennis/identity-server/foundation/keys.go:18.19,20.3 1 0
github.com/riyadennis/identity-server/foundation/keys.go:22.2,29.16 4 0
github.com/riyadennis/identity-server/foundation/keys.go:29.16,31.3 1 0
github.com/riyadennis/identity-server/foundation/keys.go:32.2,33.16 2 0
github.com/riyadennis/identity-server/foundation/keys.go:33.16,35.3 1 0
github.com/riyadennis/identity-server/foundation/keys.go:38.2,39.16 2 0
github.com/riyadennis/identity-server/foundation/keys.go:39.16,41.3 1 0
github.com/riyadennis/identity-server/foundation/keys.go:43.2,49.16 3 0
github.com/riyadennis/identity-server/foundation/keys.go:49.16,51.3 1 0
github.com/riyadennis/identity-server/foundation/keys.go:53.2,54.16 2 0
github.com/riyadennis/identity-server/foundation/keys.go:54.16,56.3 1 0
github.com/riyadennis/identity-server/foundation/keys.go:58.2,58.12 1 0
github.com/riyadennis/identity-server/foundation/request.go:16.63,17.14 1 0
github.com/riyadennis/identity-server/foundation/request.go:17.14,19.3 1 0
github.com/riyadennis/identity-server/foundation/request.go:21.2,21.40 1 0
github.com/riyadennis/identity-server/foundation/request.go:21.40,23.3 1 0
github.com/riyadennis/identity-server/foundation/request.go:25.2,26.16 2 0
github.com/riyadennis/identity-server/foundation/request.go:26.16,28.3 1 0
github.com/riyadennis/identity-server/foundation/request.go:30.2,30.12 1 0
github.com/riyadennis/identity-server/foundation/response.go:19.84,22.2 2 0
github.com/riyadennis/identity-server/foundation/response.go:25.85,30.16 5 0
github.com/riyadennis/identity-server/foundation/response.go:30.16,32.3 1 0
github.com/riyadennis/identity-server/foundation/response.go:33.2,33.12 1 0
github.com/riyadennis/identity-server/foundation/response.go:37.65,43.2 1 0
github.com/riyadennis/identity-server/foundation/response.go:47.78,52.2 3 0
github.com/riyadennis/identity-server/foundation/middleware/cors.go:11.78,12.75 1 0
github.com/riyadennis/identity-server/foundation/middleware/cors.go:12.75,39.3 2 0
github.com/riyadennis/identity-server/foundation/middleware/middleware.go:15.83,19.36 1 0
github.com/riyadennis/identity-server/foundation/middleware/middleware.go:19.36,21.15 2 0
github.com/riyadennis/identity-server/foundation/middleware/middleware.go:21.15,23.4 1 0
github.com/riyadennis/identity-server/foundation/middleware/middleware.go:26.2,26.16 1 0
github.com/riyadennis/identity-server/foundation/middleware/token.go:32.96,33.77 1 0
github.com/riyadennis/identity-server/foundation/middleware/token.go:33.77,35.24 2 0
github.com/riyadennis/identity-server/foundation/middleware/token.go:35.24,40.4 3 0
github.com/riyadennis/identity-server/foundation/middleware/token.go:42.3,42.44 1 0
github.com/riyadennis/identity-server/foundation/middleware/token.go:42.44,47.4 3 0
github.com/riyadennis/identity-server/foundation/middleware/token.go:49.3,56.29 2 0
github.com/riyadennis/identity-server/foundation/middleware/token.go:56.29,61.4 3 0
github.com/riyadennis/identity-server/foundation/middleware/token.go:63.3,63.15 1 0
github.com/riyadennis/identity-server/foundation/middleware/token.go:63.15,68.4 3 0
github.com/riyadennis/identity-server/foundation/middleware/token.go:70.3,70.18 1 0
github.com/riyadennis/identity-server/foundation/middleware/token.go:74.43,75.53 1 0
github.com/riyadennis/identity-server/foundation/middleware/token.go:75.53,76.57 1 0
github.com/riyadennis/identity-server/foundation/middleware/token.go:76.57,78.4 1 0
github.com/riyadennis/identity-server/foundation/middleware/token.go:80.3,81.17 2 0
github.com/riyadennis/identity-server/foundation/middleware/token.go:81.17,83.4 1 0
github.com/riyadennis/identity-server/foundation/middleware/token.go:85.3,86.15 2 0
github.com/riyadennis/identity-server/foundation/middleware/token.go:86.15,87.20 1 0
github.com/riyadennis/identity-server/foundation/middleware/token.go:90.3,90.24 1 0
github.com/riyadennis/identity-server/app/auth-api/main.go:18.13,22.16 3 0
github.com/riyadennis/identity-server/app/auth-api/main.go:22.16,24.3 1 0
github.com/riyadennis/identity-server/app/auth-api/main.go:26.2,29.16 3 0
github.com/riyadennis/identity-server/app/auth-api/main.go:29.16,31.3 1 0
github.com/riyadennis/identity-server/app/auth-api/main.go:33.2,33.15 1 0
github.com/riyadennis/identity-server/app/auth-api/main.go:33.15,35.3 1 0
github.com/riyadennis/identity-server/app/auth-api/main.go:37.2,38.16 2 0
github.com/riyadennis/identity-server/app/auth-api/main.go:38.16,40.3 1 0
github.com/riyadennis/identity-server/app/auth-api/main.go:42.2,43.16 2 0
github.com/riyadennis/identity-server/app/auth-api/main.go:43.16,45.3 1 0
github.com/riyadennis/identity-server/app/auth-api/handlers/delete.go:18.92,20.14 2 0
github.com/riyadennis/identity-server/app/auth-api/handlers/delete.go:20.14,24.3 2 0
github.com/riyadennis/identity-server/app/auth-api/handlers/delete.go:26.2,27.16 2 0
github.com/riyadennis/identity-server/app/auth-api/handlers/delete.go:27.16,33.3 3 0
github.com/riyadennis/identity-server/app/auth-api/handlers/delete.go:35.2,35.18 1 0
github.com/riyadennis/identity-server/app/auth-api/handlers/delete.go:35.18,39.3 2 0
github.com/riyadennis/identity-server/app/auth-api/handlers/delete.go:40.2,40.62 1 0
github.com/riyadennis/identity-server/app/auth-api/handlers/endpoints.go:34.87,48.2 10 0
github.com/riyadennis/identity-server/app/auth-api/handlers/home.go:11.72,15.2 2 0
github.com/riyadennis/identity-server/app/auth-api/handlers/login.go:41.86,43.9 2 0
github.com/riyadennis/identity-server/app/auth-api/handlers/login.go:43.9,49.3 3 0
github.com/riyadennis/identity-server/app/auth-api/handlers/login.go:51.2,52.16 2 0
github.com/riyadennis/identity-server/app/auth-api/handlers/login.go:52.16,56.3 2 0
github.com/riyadennis/identity-server/app/auth-api/handlers/login.go:58.2,58.14 1 0
github.com/riyadennis/identity-server/app/auth-api/handlers/login.go:58.14,63.3 3 0
github.com/riyadennis/identity-server/app/auth-api/handlers/login.go:65.2,66.16 2 0
github.com/riyadennis/identity-server/app/auth-api/handlers/login.go:66.16,72.3 3 0
github.com/riyadennis/identity-server/app/auth-api/handlers/login.go:74.2,74.12 1 0
github.com/riyadennis/identity-server/app/auth-api/handlers/login.go:74.12,80.3 3 0
github.com/riyadennis/identity-server/app/auth-api/handlers/login.go:82.2,83.16 2 0
github.com/riyadennis/identity-server/app/auth-api/handlers/login.go:83.16,90.3 3 0
github.com/riyadennis/identity-server/app/auth-api/handlers/login.go:92.2,93.16 2 0
github.com/riyadennis/identity-server/app/auth-api/handlers/login.go:93.16,99.3 3 0
github.com/riyadennis/identity-server/app/auth-api/handlers/login.go:101.2,103.16 3 0
github.com/riyadennis/identity-server/app/auth-api/handlers/login.go:103.16,105.3 1 0
github.com/riyadennis/identity-server/app/auth-api/handlers/login.go:108.76,109.59 1 0
github.com/riyadennis/identity-server/app/auth-api/handlers/login.go:109.59,111.17 2 0
github.com/riyadennis/identity-server/app/auth-api/handlers/login.go:111.17,113.4 1 0
github.com/riyadennis/identity-server/app/auth-api/handlers/login.go:116.2,116.40 1 0
github.com/riyadennis/identity-server/app/auth-api/handlers/login.go:119.83,123.16 3 0
github.com/riyadennis/identity-server/app/auth-api/handlers/login.go:123.16,126.3 2 0
github.com/riyadennis/identity-server/app/auth-api/handlers/login.go:128.2,132.16 2 0
github.com/riyadennis/identity-server/app/auth-api/handlers/login.go:132.16,135.3 2 0
github.com/riyadennis/identity-server/app/auth-api/handlers/login.go:137.2,142.8 1 0
github.com/riyadennis/identity-server/app/auth-api/handlers/probes.go:16.76,18.16 2 0
github.com/riyadennis/identity-server/app/auth-api/handlers/probes.go:18.16,20.3 1 0
github.com/riyadennis/identity-server/app/auth-api/handlers/probes.go:21.2,39.37 3 0
github.com/riyadennis/identity-server/app/auth-api/handlers/probes.go:43.42,44.86 1 0
github.com/riyadennis/identity-server/app/auth-api/handlers/probes.go:44.86,45.35 1 0
github.com/riyadennis/identity-server/app/auth-api/handlers/probes.go:45.35,48.4 2 0
github.com/riyadennis/identity-server/app/auth-api/handlers/probes.go:50.3,50.58 1 0
github.com/riyadennis/identity-server/app/auth-api/handlers/register.go:26.86,33.2 1 0
github.com/riyadennis/identity-server/app/auth-api/handlers/register.go:36.89,40.16 3 0
github.com/riyadennis/identity-server/app/auth-api/handlers/register.go:40.16,45.3 3 0
github.com/riyadennis/identity-server/app/auth-api/handlers/register.go:47.2,48.16 2 0
github.com/riyadennis/identity-server/app/auth-api/handlers/register.go:48.16,53.3 3 0
github.com/riyadennis/identity-server/app/auth-api/handlers/register.go:55.2,56.16 2 0
github.com/riyadennis/identity-server/app/auth-api/handlers/register.go:56.16,61.3 3 0
github.com/riyadennis/identity-server/app/auth-api/handlers/register.go:63.2,63.33 1 0
github.com/riyadennis/identity-server/app/auth-api/handlers/register.go:63.33,68.3 3 0
github.com/riyadennis/identity-server/app/auth-api/handlers/register.go:70.2,71.16 2 0
github.com/riyadennis/identity-server/app/auth-api/handlers/register.go:71.16,76.3 3 0
github.com/riyadennis/identity-server/app/auth-api/handlers/register.go:78.2,79.16 2 0
github.com/riyadennis/identity-server/app/auth-api/handlers/register.go:79.16,83.3 2 0
github.com/riyadennis/identity-server/app/auth-api/handlers/register.go:85.2,86.58 2 0
github.com/riyadennis/identity-server/app/auth-api/handlers/server.go:34.37,39.16 4 0
github.com/riyadennis/identity-server/app/auth-api/handlers/server.go:39.16,41.3 1 0
github.com/riyadennis/identity-server/app/auth-api/handlers/server.go:43.2,52.3 1 0
github.com/riyadennis/identity-server/app/auth-api/handlers/server.go:57.85,60.12 2 0
github.com/riyadennis/identity-server/app/auth-api/handlers/server.go:60.12,63.3 2 0
github.com/riyadennis/identity-server/app/auth-api/handlers/server.go:65.2,65.9 1 0
github.com/riyadennis/identity-server/app/auth-api/handlers/server.go:66.30,67.13 1 0
github.com/riyadennis/identity-server/app/auth-api/handlers/server.go:68.27,75.17 5 0
github.com/riyadennis/identity-server/app/auth-api/handlers/server.go:75.17,77.4 1 0
github.com/riyadennis/identity-server/app/auth-api/handlers/server.go:80.2,80.12 1 0
github.com/riyadennis/identity-server/app/auth-api/handlers/server.go:83.38,84.16 1 0
github.com/riyadennis/identity-server/app/auth-api/handlers/server.go:84.16,86.3 1 0
github.com/riyadennis/identity-server/app/auth-api/handlers/server.go:88.2,89.16 2 0
github.com/riyadennis/identity-server/app/auth-api/handlers/server.go:89.16,91.3 1 0
github.com/riyadennis/identity-server/app/auth-api/handlers/server.go:93.2,93.17 1 0
github.com/riyadennis/identity-server/app/auth-api/handlers/server.go:93.17,95.3 1 0
github.com/riyadennis/identity-server/app/auth-api/handlers/server.go:97.2,97.18 1 0
github.com/riyadennis/identity-server/app/auth-api/handlers/server.go:97.18,99.3 1 0
github.com/riyadennis/identity-server/app/auth-api/handlers/server.go:101.2,101.12 1 0
github.com/riyadennis/identity-server/business/password.go:15.41,17.6 2 0
github.com/riyadennis/identity-server/business/password.go:17.6,18.24 1 0
github.com/riyadennis/identity-server/business/password.go:18.24,20.4 1 0
github.com/riyadennis/identity-server/business/password.go:21.3,22.17 2 0
github.com/riyadennis/identity-server/business/password.go:22.17,24.4 1 0
github.com/riyadennis/identity-server/business/password.go:25.3,26.40 2 0
github.com/riyadennis/identity-server/business/password.go:26.40,28.4 1 0
github.com/riyadennis/identity-server/business/password.go:33.55,35.16 2 0
github.com/riyadennis/identity-server/business/password.go:35.16,37.3 1 0
github.com/riyadennis/identity-server/business/password.go:38.2,38.28 1 0
github.com/riyadennis/identity-server/business/store/auth.go:13.70,18.16 2 0
github.com/riyadennis/identity-server/business/store/auth.go:18.16,20.3 1 0
github.com/riyadennis/identity-server/business/store/auth.go:22.2,26.16 4 0
github.com/riyadennis/identity-server/business/store/auth.go:26.16,28.3 1 0
github.com/riyadennis/identity-server/business/store/auth.go:30.2,31.16 2 0
github.com/riyadennis/identity-server/business/store/auth.go:31.16,34.3 2 0
github.com/riyadennis/identity-server/business/store/auth.go:36.2,36.18 1 0
github.com/riyadennis/identity-server/business/store/connection.go:46.29,65.2 1 0
github.com/riyadennis/identity-server/business/store/connection.go:68.52,69.18 1 0
github.com/riyadennis/identity-server/business/store/connection.go:69.18,71.3 1 0
github.com/riyadennis/identity-server/business/store/connection.go:72.2,72.22 1 0
github.com/riyadennis/identity-server/business/store/connection.go:72.22,74.3 1 0
github.com/riyadennis/identity-server/business/store/connection.go:75.2,75.26 1 0
github.com/riyadennis/identity-server/business/store/connection.go:75.26,77.3 1 0
github.com/riyadennis/identity-server/business/store/connection.go:79.2,79.22 1 0
github.com/riyadennis/identity-server/business/store/connection.go:79.22,81.3 1 0
github.com/riyadennis/identity-server/business/store/connection.go:83.2,83.22 1 0
github.com/riyadennis/identity-server/business/store/connection.go:83.22,85.3 1 0
github.com/riyadennis/identity-server/business/store/connection.go:87.2,87.26 1 0
github.com/riyadennis/identity-server/business/store/connection.go:87.26,89.3 1 0
github.com/riyadennis/identity-server/business/store/connection.go:91.2,102.16 3 0
github.com/riyadennis/identity-server/business/store/connection.go:102.16,104.3 1 0
github.com/riyadennis/identity-server/business/store/connection.go:106.2,107.16 2 0
github.com/riyadennis/identity-server/business/store/connection.go:107.16,110.3 2 0
github.com/riyadennis/identity-server/business/store/connection.go:112.2,112.18 1 0
github.com/riyadennis/identity-server/business/store/migration.go:20.62,21.15 1 0
github.com/riyadennis/identity-server/business/store/migration.go:21.15,23.3 1 0
github.com/riyadennis/identity-server/business/store/migration.go:24.2,24.18 1 0
github.com/riyadennis/identity-server/business/store/migration.go:24.18,26.3 1 0
github.com/riyadennis/identity-server/business/store/migration.go:28.2,31.16 2 0
github.com/riyadennis/identity-server/business/store/migration.go:31.16,33.3 1 0
github.com/riyadennis/identity-server/business/store/migration.go:35.2,39.16 2 0
github.com/riyadennis/identity-server/business/store/migration.go:39.16,42.3 2 0
github.com/riyadennis/identity-server/business/store/migration.go:44.2,45.16 2 0
github.com/riyadennis/identity-server/business/store/migration.go:45.16,46.43 1 0
github.com/riyadennis/identity-server/business/store/migration.go:46.43,48.4 1 0
github.com/riyadennis/identity-server/business/store/migration.go:51.2,51.12 1 0
github.com/riyadennis/identity-server/business/store/store.go:55.34,59.2 1 0
github.com/riyadennis/identity-server/business/store/store.go:62.81,63.19 1 0
github.com/riyadennis/identity-server/business/store/store.go:63.19,65.3 1 0
github.com/riyadennis/identity-server/business/store/store.go:67.2,67.14 1 0
github.com/riyadennis/identity-server/business/store/store.go:67.14,69.3 1 0
github.com/riyadennis/identity-server/business/store/store.go:71.2,77.16 3 0
github.com/riyadennis/identity-server/business/store/store.go:77.16,80.3 2 0
github.com/riyadennis/identity-server/business/store/store.go:82.2,84.16 2 0
github.com/riyadennis/identity-server/business/store/store.go:84.16,87.3 2 0
github.com/riyadennis/identity-server/business/store/store.go:89.2,89.28 1 0
github.com/riyadennis/identity-server/business/store/store.go:94.78,95.19 1 0
github.com/riyadennis/identity-server/business/store/store.go:95.19,97.3 1 0
github.com/riyadennis/identity-server/business/store/store.go:99.2,110.16 2 0
github.com/riyadennis/identity-server/business/store/store.go:110.16,112.3 1 0
github.com/riyadennis/identity-server/business/store/store.go:114.2,125.16 4 0
github.com/riyadennis/identity-server/business/store/store.go:125.16,126.36 1 0
github.com/riyadennis/identity-server/business/store/store.go:126.36,129.4 2 0
github.com/riyadennis/identity-server/business/store/store.go:131.3,131.18 1 0
github.com/riyadennis/identity-server/business/store/store.go:133.2,134.18 2 0
github.com/riyadennis/identity-server/business/store/store.go:139.77,152.16 3 0
github.com/riyadennis/identity-server/business/store/store.go:152.16,154.3 1 0
github.com/riyadennis/identity-server/business/store/store.go:155.2,158.18 3 0
github.com/riyadennis/identity-server/business/store/store.go:158.18,170.17 2 0
github.com/riyadennis/identity-server/business/store/store.go:170.17,171.37 1 0
github.com/riyadennis/identity-server/business/store/store.go:171.37,174.5 2 0
github.com/riyadennis/identity-server/business/store/store.go:176.4,176.19 1 0
github.com/riyadennis/identity-server/business/store/store.go:180.2,180.18 1 0
github.com/riyadennis/identity-server/business/store/store.go:184.47,186.16 2 0
github.com/riyadennis/identity-server/business/store/store.go:186.16,189.3 2 0
github.com/riyadennis/identity-server/business/store/store.go:191.2,192.16 2 0
github.com/riyadennis/identity-server/business/store/store.go:192.16,194.3 1 0
github.com/riyadennis/identity-server/business/store/store.go:196.2,196.30 1 0
github.com/riyadennis/identity-server/business/validation/validate.go:20.47,21.14 1 0
github.com/riyadennis/identity-server/business/validation/validate.go:21.14,23.3 1 0
github.com/riyadennis/identity-server/business/validation/validate.go:24.2,24.23 1 0
github.com/riyadennis/identity-server/business/validation/validate.go:24.23,26.3 1 0
github.com/riyadennis/identity-server/business/validation/validate.go:27.2,27.22 1 0
github.com/riyadennis/identity-server/business/validation/validate.go:27.22,29.3 1 0
github.com/riyadennis/identity-server/business/validation/validate.go:30.2,30.19 1 0
github.com/riyadennis/identity-server/business/validation/validate.go:30.19,32.3 1 0
github.com/riyadennis/identity-server/business/validation/validate.go:34.2,35.30 2 0
github.com/riyadennis/identity-server/business/validation/validate.go:35.30,37.3 1 0
github.com/riyadennis/identity-server/business/validation/validate.go:39.2,39.14 1 0
github.com/riyadennis/identity-server/business/validation/validate.go:39.14,41.3 1 0
github.com/riyadennis/identity-server/business/validation/validate.go:43.2,43.12 1 0
github.com/riyadennis/identity-server/foundation/errorcodes.go:41.38,43.2 1 0
github.com/riyadennis/identity-server/foundation/keys.go:16.63,18.19 2 0
github.com/riyadennis/identity-server/foundation/keys.go:18.19,20.3 1 0
github.com/riyadennis/identity-server/foundation/keys.go:22.2,29.16 4 0
github.com/riyadennis/identity-server/foundation/keys.go:29.16,31.3 1 0
github.com/riyadennis/identity-server/foundation/keys.go:32.2,33.16 2 0
github.com/riyadennis/identity-server/foundation/keys.go:33.16,35.3 1 0
github.com/riyadennis/identity-server/foundation/keys.go:38.2,39.16 2 0
github.com/riyadennis/identity-server/foundation/keys.go:39.16,41.3 1 0
github.com/riyadennis/identity-server/foundation/keys.go:43.2,49.16 3 0
github.com/riyadennis/identity-server/foundation/keys.go:49.16,51.3 1 0
github.com/riyadennis/identity-server/foundation/keys.go:53.2,54.16 2 0
github.com/riyadennis/identity-server/foundation/keys.go:54.16,56.3 1 0
github.com/riyadennis/identity-server/foundation/keys.go:58.2,58.12 1 0
github.com/riyadennis/identity-server/foundation/request.go:16.63,17.14 1 2
github.com/riyadennis/identity-server/foundation/request.go:17.14,19.3 1 0
github.com/riyadennis/identity-server/foundation/request.go:21.2,21.40 1 2
github.com/riyadennis/identity-server/foundation/request.go:21.40,23.3 1 1
github.com/riyadennis/identity-server/foundation/request.go:25.2,26.16 2 1
github.com/riyadennis/identity-server/foundation/request.go:26.16,28.3 1 1
github.com/riyadennis/identity-server/foundation/request.go:30.2,30.12 1 0
github.com/riyadennis/identity-server/foundation/response.go:19.84,22.2 2 0
github.com/riyadennis/identity-server/foundation/response.go:25.85,30.16 5 0
github.com/riyadennis/identity-server/foundation/response.go:30.16,32.3 1 0
github.com/riyadennis/identity-server/foundation/response.go:33.2,33.12 1 0
github.com/riyadennis/identity-server/foundation/response.go:37.65,43.2 1 0
github.com/riyadennis/identity-server/foundation/response.go:47.78,52.2 3 0
github.com/riyadennis/identity-server/foundation/middleware/cors.go:11.78,12.75 1 0
github.com/riyadennis/identity-server/foundation/middleware/cors.go:12.75,39.3 2 0
github.com/riyadennis/identity-server/foundation/middleware/middleware.go:15.83,19.36 1 0
github.com/riyadennis/identity-server/foundation/middleware/middleware.go:19.36,21.15 2 0
github.com/riyadennis/identity-server/foundation/middleware/middleware.go:21.15,23.4 1 0
github.com/riyadennis/identity-server/foundation/middleware/middleware.go:26.2,26.16 1 0
github.com/riyadennis/identity-server/foundation/middleware/token.go:32.96,33.77 1 0
github.com/riyadennis/identity-server/foundation/middleware/token.go:33.77,35.24 2 0
github.com/riyadennis/identity-server/foundation/middleware/token.go:35.24,40.4 3 0
github.com/riyadennis/identity-server/foundation/middleware/token.go:42.3,42.44 1 0
github.com/riyadennis/identity-server/foundation/middleware/token.go:42.44,47.4 3 0
github.com/riyadennis/identity-server/foundation/middleware/token.go:49.3,56.29 2 0
github.com/riyadennis/identity-server/foundation/middleware/token.go:56.29,61.4 3 0
github.com/riyadennis/identity-server/foundation/middleware/token.go:63.3,63.15 1 0
github.com/riyadennis/identity-server/foundation/middleware/token.go:63.15,68.4 3 0
github.com/riyadennis/identity-server/foundation/middleware/token.go:70.3,70.18 1 0
github.com/riyadennis/identity-server/foundation/middleware/token.go:74.43,75.53 1 0
github.com/riyadennis/identity-server/foundation/middleware/token.go:75.53,76.57 1 0
github.com/riyadennis/identity-server/foundation/middleware/token.go:76.57,78.4 1 0
github.com/riyadennis/identity-server/foundation/middleware/token.go:80.3,81.17 2 0
github.com/riyadennis/identity-server/foundation/middleware/token.go:81.17,83.4 1 0
github.com/riyadennis/identity-server/foundation/middleware/token.go:85.3,86.15 2 0
github.com/riyadennis/identity-server/foundation/middleware/token.go:86.15,87.20 1 0
github.com/riyadennis/identity-server/foundation/middleware/token.go:90.3,90.24 1 0
github.com/riyadennis/identity-server/app/auth-api/main.go:18.13,22.16 3 0
github.com/riyadennis/identity-server/app/auth-api/main.go:22.16,24.3 1 0
github.com/riyadennis/identity-server/app/auth-api/main.go:26.2,29.16 3 0
github.com/riyadennis/identity-server/app/auth-api/main.go:29.16,31.3 1 0
github.com/riyadennis/identity-server/app/auth-api/main.go:33.2,33.15 1 0
github.com/riyadennis/identity-server/app/auth-api/main.go:33.15,35.3 1 0
github.com/riyadennis/identity-server/app/auth-api/main.go:37.2,38.16 2 0
github.com/riyadennis/identity-server/app/auth-api/main.go:38.16,40.3 1 0
github.com/riyadennis/identity-server/app/auth-api/main.go:42.2,43.16 2 0
github.com/riyadennis/identity-server/app/auth-api/main.go:43.16,45.3 1 0
github.com/riyadennis/identity-server/app/auth-api/handlers/delete.go:18.92,20.14 2 0
github.com/riyadennis/identity-server/app/auth-api/handlers/delete.go:20.14,24.3 2 0
github.com/riyadennis/identity-server/app/auth-api/handlers/delete.go:26.2,27.16 2 0
github.com/riyadennis/identity-server/app/auth-api/handlers/delete.go:27.16,33.3 3 0
github.com/riyadennis/identity-server/app/auth-api/handlers/delete.go:35.2,35.18 1 0
github.com/riyadennis/identity-server/app/auth-api/handlers/delete.go:35.18,39.3 2 0
github.com/riyadennis/identity-server/app/auth-api/handlers/delete.go:40.2,40.62 1 0
github.com/riyadennis/identity-server/app/auth-api/handlers/endpoints.go:34.87,48.2 10 0
github.com/riyadennis/identity-server/app/auth-api/handlers/home.go:11.72,15.2 2 0
github.com/riyadennis/identity-server/app/auth-api/handlers/login.go:41.86,43.9 2 0
github.com/riyadennis/identity-server/app/auth-api/handlers/login.go:43.9,49.3 3 0
github.com/riyadennis/identity-server/app/auth-api/handlers/login.go:51.2,52.16 2 0
github.com/riyadennis/identity-server/app/auth-api/handlers/login.go:52.16,56.3 2 0
github.com/riyadennis/identity-server/app/auth-api/handlers/login.go:58.2,58.14 1 0
github.com/riyadennis/identity-server/app/auth-api/handlers/login.go:58.14,63.3 3 0
github.com/riyadennis/identity-server/app/auth-api/handlers/login.go:65.2,66.16 2 0
github.com/riyadennis/identity-server/app/auth-api/handlers/login.go:66.16,72.3 3 0
github.com/riyadennis/identity-server/app/auth-api/handlers/login.go:74.2,74.12 1 0
github.com/riyadennis/identity-server/app/auth-api/handlers/login.go:74.12,80.3 3 0
github.com/riyadennis/identity-server/app/auth-api/handlers/login.go:82.2,83.16 2 0
github.com/riyadennis/identity-server/app/auth-api/handlers/login.go:83.16,90.3 3 0
github.com/riyadennis/identity-server/app/auth-api/handlers/login.go:92.2,93.16 2 0
github.com/riyadennis/identity-server/app/auth-api/handlers/login.go:93.16,99.3 3 0
github.com/riyadennis/identity-server/app/auth-api/handlers/login.go:101.2,103.16 3 0
github.com/riyadennis/identity-server/app/auth-api/handlers/login.go:103.16,105.3 1 0
github.com/riyadennis/identity-server/app/auth-api/handlers/login.go:108.76,109.59 1 0
github.com/riyadennis/identity-server/app/auth-api/handlers/login.go:109.59,111.17 2 0
github.com/riyadennis/identity-server/app/auth-api/handlers/login.go:111.17,113.4 1 0
github.com/riyadennis/identity-server/app/auth-api/handlers/login.go:116.2,116.40 1 0
github.com/riyadennis/identity-server/app/auth-api/handlers/login.go:119.83,123.16 3 0
github.com/riyadennis/identity-server/app/auth-api/handlers/login.go:123.16,126.3 2 0
github.com/riyadennis/identity-server/app/auth-api/handlers/login.go:128.2,132.16 2 0
github.com/riyadennis/identity-server/app/auth-api/handlers/login.go:132.16,135.3 2 0
github.com/riyadennis/identity-server/app/auth-api/handlers/login.go:137.2,142.8 1 0
github.com/riyadennis/identity-server/app/auth-api/handlers/probes.go:16.76,18.16 2 0
github.com/riyadennis/identity-server/app/auth-api/handlers/probes.go:18.16,20.3 1 0
github.com/riyadennis/identity-server/app/auth-api/handlers/probes.go:21.2,39.37 3 0
github.com/riyadennis/identity-server/app/auth-api/handlers/probes.go:43.42,44.86 1 0
github.com/riyadennis/identity-server/app/auth-api/handlers/probes.go:44.86,45.35 1 0
github.com/riyadennis/identity-server/app/auth-api/handlers/probes.go:45.35,48.4 2 0
github.com/riyadennis/identity-server/app/auth-api/handlers/probes.go:50.3,50.58 1 0
github.com/riyadennis/identity-server/app/auth-api/handlers/register.go:26.86,33.2 1 0
github.com/riyadennis/identity-server/app/auth-api/handlers/register.go:36.89,40.16 3 0
github.com/riyadennis/identity-server/app/auth-api/handlers/register.go:40.16,45.3 3 0
github.com/riyadennis/identity-server/app/auth-api/handlers/register.go:47.2,48.16 2 0
github.com/riyadennis/identity-server/app/auth-api/handlers/register.go:48.16,53.3 3 0
github.com/riyadennis/identity-server/app/auth-api/handlers/register.go:55.2,56.16 2 0
github.com/riyadennis/identity-server/app/auth-api/handlers/register.go:56.16,61.3 3 0
github.com/riyadennis/identity-server/app/auth-api/handlers/register.go:63.2,63.33 1 0
github.com/riyadennis/identity-server/app/auth-api/handlers/register.go:63.33,68.3 3 0
github.com/riyadennis/identity-server/app/auth-api/handlers/register.go:70.2,71.16 2 0
github.com/riyadennis/identity-server/app/auth-api/handlers/register.go:71.16,76.3 3 0
github.com/riyadennis/identity-server/app/auth-api/handlers/register.go:78.2,79.16 2 0
github.com/riyadennis/identity-server/app/auth-api/handlers/register.go:79.16,83.3 2 0
github.com/riyadennis/identity-server/app/auth-api/handlers/register.go:85.2,86.58 2 0
github.com/riyadennis/identity-server/app/auth-api/handlers/server.go:34.37,39.16 4 0
github.com/riyadennis/identity-server/app/auth-api/handlers/server.go:39.16,41.3 1 0
github.com/riyadennis/identity-server/app/auth-api/handlers/server.go:43.2,52.3 1 0
github.com/riyadennis/identity-server/app/auth-api/handlers/server.go:57.85,60.12 2 0
github.com/riyadennis/identity-server/app/auth-api/handlers/server.go:60.12,63.3 2 0
github.com/riyadennis/identity-server/app/auth-api/handlers/server.go:65.2,65.9 1 0
github.com/riyadennis/identity-server/app/auth-api/handlers/server.go:66.30,67.13 1 0
github.com/riyadennis/identity-server/app/auth-api/handlers/server.go:68.27,75.17 5 0
github.com/riyadennis/identity-server/app/auth-api/handlers/server.go:75.17,77.4 1 0
github.com/riyadennis/identity-server/app/auth-api/handlers/server.go:80.2,80.12 1 0
github.com/riyadennis/identity-server/app/auth-api/handlers/server.go:83.38,84.16 1 0
github.com/riyadennis/identity-server/app/auth-api/handlers/server.go:84.16,86.3 1 0
github.com/riyadennis/identity-server/app/auth-api/handlers/server.go:88.2,89.16 2 0
github.com/riyadennis/identity-server/app/auth-api/handlers/server.go:89.16,91.3 1 0
github.com/riyadennis/identity-server/app/auth-api/handlers/server.go:93.2,93.17 1 0
github.com/riyadennis/identity-server/app/auth-api/handlers/server.go:93.17,95.3 1 0
github.com/riyadennis/identity-server/app/auth-api/handlers/server.go:97.2,97.18 1 0
github.com/riyadennis/identity-server/app/auth-api/handlers/server.go:97.18,99.3 1 0
github.com/riyadennis/identity-server/app/auth-api/handlers/server.go:101.2,101.12 1 0
github.com/riyadennis/identity-server/business/password.go:15.41,17.6 2 0
github.com/riyadennis/identity-server/business/password.go:17.6,18.24 1 0
github.com/riyadennis/identity-server/business/password.go:18.24,20.4 1 0
github.com/riyadennis/identity-server/business/password.go:21.3,22.17 2 0
github.com/riyadennis/identity-server/business/password.go:22.17,24.4 1 0
github.com/riyadennis/identity-server/business/password.go:25.3,26.40 2 0
github.com/riyadennis/identity-server/business/password.go:26.40,28.4 1 0
github.com/riyadennis/identity-server/business/password.go:33.55,35.16 2 0
github.com/riyadennis/identity-server/business/password.go:35.16,37.3 1 0
github.com/riyadennis/identity-server/business/password.go:38.2,38.28 1 0
github.com/riyadennis/identity-server/business/store/auth.go:13.70,18.16 2 0
github.com/riyadennis/identity-server/business/store/auth.go:18.16,20.3 1 0
github.com/riyadennis/identity-server/business/store/auth.go:22.2,26.16 4 0
github.com/riyadennis/identity-server/business/store/auth.go:26.16,28.3 1 0
github.com/riyadennis/identity-server/business/store/auth.go:30.2,31.16 2 0
github.com/riyadennis/identity-server/business/store/auth.go:31.16,34.3 2 0
github.com/riyadennis/identity-server/business/store/auth.go:36.2,36.18 1 0
github.com/riyadennis/identity-server/business/store/connection.go:46.29,65.2 1 0
github.com/riyadennis/identity-server/business/store/connection.go:68.52,69.18 1 0
github.com/riyadennis/identity-server/business/store/connection.go:69.18,71.3 1 0
github.com/riyadennis/identity-server/business/store/connection.go:72.2,72.22 1 0
github.com/riyadennis/identity-server/business/store/connection.go:72.22,74.3 1 0
github.com/riyadennis/identity-server/business/store/connection.go:75.2,75.26 1 0
github.com/riyadennis/identity-server/business/store/connection.go:75.26,77.3 1 0
github.com/riyadennis/identity-server/business/store/connection.go:79.2,79.22 1 0
github.com/riyadennis/identity-server/business/store/connection.go:79.22,81.3 1 0
github.com/riyadennis/identity-server/business/store/connection.go:83.2,83.22 1 0
github.com/riyadennis/identity-server/business/store/connection.go:83.22,85.3 1 0
github.com/riyadennis/identity-server/business/store/connection.go:87.2,87.26 1 0
github.com/riyadennis/identity-server/business/store/connection.go:87.26,89.3 1 0
github.com/riyadennis/identity-server/business/store/connection.go:91.2,102.16 3 0
github.com/riyadennis/identity-server/business/store/connection.go:102.16,104.3 1 0
github.com/riyadennis/identity-server/business/store/connection.go:106.2,107.16 2 0
github.com/riyadennis/identity-server/business/store/connection.go:107.16,110.3 2 0
github.com/riyadennis/identity-server/business/store/connection.go:112.2,112.18 1 0
github.com/riyadennis/identity-server/business/store/migration.go:20.62,21.15 1 0
github.com/riyadennis/identity-server/business/store/migration.go:21.15,23.3 1 0
github.com/riyadennis/identity-server/business/store/migration.go:24.2,24.18 1 0
github.com/riyadennis/identity-server/business/store/migration.go:24.18,26.3 1 0
github.com/riyadennis/identity-server/business/store/migration.go:28.2,31.16 2 0
github.com/riyadennis/identity-server/business/store/migration.go:31.16,33.3 1 0
github.com/riyadennis/identity-server/business/store/migration.go:35.2,39.16 2 0
github.com/riyadennis/identity-server/business/store/migration.go:39.16,42.3 2 0
github.com/riyadennis/identity-server/business/store/migration.go:44.2,45.16 2 0
github.com/riyadennis/identity-server/business/store/migration.go:45.16,46.43 1 0
github.com/riyadennis/identity-server/business/store/migration.go:46.43,48.4 1 0
github.com/riyadennis/identity-server/business/store/migration.go:51.2,51.12 1 0
github.com/riyadennis/identity-server/business/store/store.go:55.34,59.2 1 0
github.com/riyadennis/identity-server/business/store/store.go:62.81,63.19 1 0
github.com/riyadennis/identity-server/business/store/store.go:63.19,65.3 1 0
github.com/riyadennis/identity-server/business/store/store.go:67.2,67.14 1 0
github.com/riyadennis/identity-server/business/store/store.go:67.14,69.3 1 0
github.com/riyadennis/identity-server/business/store/store.go:71.2,77.16 3 0
github.com/riyadennis/identity-server/business/store/store.go:77.16,80.3 2 0
github.com/riyadennis/identity-server/business/store/store.go:82.2,84.16 2 0
github.com/riyadennis/identity-server/business/store/store.go:84.16,87.3 2 0
github.com/riyadennis/identity-server/business/store/store.go:89.2,89.28 1 0
github.com/riyadennis/identity-server/business/store/store.go:94.78,95.19 1 0
github.com/riyadennis/identity-server/business/store/store.go:95.19,97.3 1 0
github.com/riyadennis/identity-server/business/store/store.go:99.2,110.16 2 0
github.com/riyadennis/identity-server/business/store/store.go:110.16,112.3 1 0
github.com/riyadennis/identity-server/business/store/store.go:114.2,125.16 4 0
github.com/riyadennis/identity-server/business/store/store.go:125.16,126.36 1 0
github.com/riyadennis/identity-server/business/store/store.go:126.36,129.4 2 0
github.com/riyadennis/identity-server/business/store/store.go:131.3,131.18 1 0
github.com/riyadennis/identity-server/business/store/store.go:133.2,134.18 2 0
github.com/riyadennis/identity-server/business/store/store.go:139.77,152.16 3 0
github.com/riyadennis/identity-server/business/store/store.go:152.16,154.3 1 0
github.com/riyadennis/identity-server/business/store/store.go:155.2,158.18 3 0
github.com/riyadennis/identity-server/business/store/store.go:158.18,170.17 2 0
github.com/riyadennis/identity-server/business/store/store.go:170.17,171.37 1 0
github.com/riyadennis/identity-server/business/store/store.go:171.37,174.5 2 0
github.com/riyadennis/identity-server/business/store/store.go:176.4,176.19 1 0
github.com/riyadennis/identity-server/business/store/store.go:180.2,180.18 1 0
github.com/riyadennis/identity-server/business/store/store.go:184.47,186.16 2 0
github.com/riyadennis/identity-server/business/store/store.go:186.16,189.3 2 0
github.com/riyadennis/identity-server/business/store/store.go:191.2,192.16 2 0
github.com/riyadennis/identity-server/business/store/store.go:192.16,194.3 1 0
github.com/riyadennis/identity-server/business/store/store.go:196.2,196.30 1 0
github.com/riyadennis/identity-server/business/validation/validate.go:20.47,21.14 1 7
github.com/riyadennis/identity-server/business/validation/validate.go:21.14,23.3 1 1
github.com/riyadennis/identity-server/business/validation/validate.go:24.2,24.23 1 6
github.com/riyadennis/identity-server/business/validation/validate.go:24.23,26.3 1 1
github.com/riyadennis/identity-server/business/validation/validate.go:27.2,27.22 1 5
github.com/riyadennis/identity-server/business/validation/validate.go:27.22,29.3 1 1
github.com/riyadennis/identity-server/business/validation/validate.go:30.2,30.19 1 4
github.com/riyadennis/identity-server/business/validation/validate.go:30.19,32.3 1 1
github.com/riyadennis/identity-server/business/validation/validate.go:34.2,35.30 2 3
github.com/riyadennis/identity-server/business/validation/validate.go:35.30,37.3 1 1
github.com/riyadennis/identity-server/business/validation/validate.go:39.2,39.14 1 2
github.com/riyadennis/identity-server/business/validation/validate.go:39.14,41.3 1 1
github.com/riyadennis/identity-server/business/validation/validate.go:43.2,43.12 1 1
github.com/riyadennis/identity-server/foundation/errorcodes.go:41.38,43.2 1 0
github.com/riyadennis/identity-server/foundation/keys.go:16.63,18.19 2 0
github.com/riyadennis/identity-server/foundation/keys.go:18.19,20.3 1 0
github.com/riyadennis/identity-server/foundation/keys.go:22.2,29.16 4 0
github.com/riyadennis/identity-server/foundation/keys.go:29.16,31.3 1 0
github.com/riyadennis/identity-server/foundation/keys.go:32.2,33.16 2 0
github.com/riyadennis/identity-server/foundation/keys.go:33.16,35.3 1 0
github.com/riyadennis/identity-server/foundation/keys.go:38.2,39.16 2 0
github.com/riyadennis/identity-server/foundation/keys.go:39.16,41.3 1 0
github.com/riyadennis/identity-server/foundation/keys.go:43.2,49.16 3 0
github.com/riyadennis/identity-server/foundation/keys.go:49.16,51.3 1 0
github.com/riyadennis/identity-server/foundation/keys.go:53.2,54.16 2 0
github.com/riyadennis/identity-server/foundation/keys.go:54.16,56.3 1 0
github.com/riyadennis/identity-server/foundation/keys.go:58.2,58.12 1 0
github.com/riyadennis/identity-server/foundation/request.go:16.63,17.14 1 0
github.com/riyadennis/identity-server/foundation/request.go:17.14,19.3 1 0
github.com/riyadennis/identity-server/foundation/request.go:21.2,21.40 1 0
github.com/riyadennis/identity-server/foundation/request.go:21.40,23.3 1 0
github.com/riyadennis/identity-server/foundation/request.go:25.2,26.16 2 0
github.com/riyadennis/identity-server/foundation/request.go:26.16,28.3 1 0
github.com/riyadennis/identity-server/foundation/request.go:30.2,30.12 1 0
github.com/riyadennis/identity-server/foundation/response.go:19.84,22.2 2 0
github.com/riyadennis/identity-server/foundation/response.go:25.85,30.16 5 0
github.com/riyadennis/identity-server/foundation/response.go:30.16,32.3 1 0
github.com/riyadennis/identity-server/foundation/response.go:33.2,33.12 1 0
github.com/riyadennis/identity-server/foundation/response.go:37.65,43.2 1 0
github.com/riyadennis/identity-server/foundation/response.go:47.78,52.2 3 0
github.com/riyadennis/identity-server/foundation/middleware/cors.go:11.78,12.75 1 0
github.com/riyadennis/identity-server/foundation/middleware/cors.go:12.75,39.3 2 0
github.com/riyadennis/identity-server/foundation/middleware/middleware.go:15.83,19.36 1 0
github.com/riyadennis/identity-server/foundation/middleware/middleware.go:19.36,21.15 2 0
github.com/riyadennis/identity-server/foundation/middleware/middleware.go:21.15,23.4 1 0
github.com/riyadennis/identity-server/foundation/middleware/middleware.go:26.2,26.16 1 0
github.com/riyadennis/identity-server/foundation/middleware/token.go:32.96,33.77 1 0
github.com/riyadennis/identity-server/foundation/middleware/token.go:33.77,35.24 2 0
github.com/riyadennis/identity-server/foundation/middleware/token.go:35.24,40.4 3 0
github.com/riyadennis/identity-server/foundation/middleware/token.go:42.3,42.44 1 0
github.com/riyadennis/identity-server/foundation/middleware/token.go:42.44,47.4 3 0
github.com/riyadennis/identity-server/foundation/middleware/token.go:49.3,56.29 2 0
github.com/riyadennis/identity-server/foundation/middleware/token.go:56.29,61.4 3 0
github.com/riyadennis/identity-server/foundation/middleware/token.go:63.3,63.15 1 0
github.com/riyadennis/identity-server/foundation/middleware/token.go:63.15,68.4 3 0
github.com/riyadennis/identity-server/foundation/middleware/token.go:70.3,70.18 1 0
github.com/riyadennis/identity-server/foundation/middleware/token.go:74.43,75.53 1 0
github.com/riyadennis/identity-server/foundation/middleware/token.go:75.53,76.57 1 0
github.com/riyadennis/identity-server/foundation/middleware/token.go:76.57,78.4 1 0
github.com/riyadennis/identity-server/foundation/middleware/token.go:80.3,81.17 2 0
github.com/riyadennis/identity-server/foundation/middleware/token.go:81.17,83.4 1 0
github.com/riyadennis/identity-server/foundation/middleware/token.go:85.3,86.15 2 0
github.com/riyadennis/identity-server/foundation/middleware/token.go:86.15,87.20 1 0
github.com/riyadennis/identity-server/foundation/middleware/token.go:90.3,90.24 1 0
